<?xml version="1.0" encoding="UTF-8"?>
<!-- Generated by org.testng.reporters.JUnitReportReporter -->
<testsuite hostname="LAPTOP-JU22R066" failures="0" tests="3" name="testNGScripts.ImmersiveTraining_DataParams" time="30.998" errors="0" timestamp="2022-01-25T17:39:17 IST" skipped="0">
  <testcase classname="testNGScripts.ImmersiveTraining_DataParams" name="loginTest" time="12.161"/>
  <system-out/>
  <testcase classname="testNGScripts.ImmersiveTraining_DataParams" name="loginTest" time="8.299"/>
  <system-out/>
  <testcase classname="testNGScripts.ImmersiveTraining_DataParams" name="loginTest" time="10.538"/>
  <system-out/>
</testsuite> <!-- testNGScripts.ImmersiveTraining_DataParams -->
