<?xml version="1.0" encoding="UTF-8"?>
<!-- Generated by org.testng.reporters.JUnitReportReporter -->
<testsuite hostname="LAPTOP-JU22R066" failures="0" tests="1" name="testNGScripts.ImmersiveTraining_GoogleSearchTest" time="7.571" errors="0" timestamp="2022-01-25T16:18:56 IST" skipped="0">
  <testcase classname="testNGScripts.ImmersiveTraining_GoogleSearchTest" name="JavaSearchTestSuccess" time="7.571"/>
  <system-out/>
</testsuite> <!-- testNGScripts.ImmersiveTraining_GoogleSearchTest -->
