<?xml version="1.0" encoding="UTF-8"?>
<!-- Generated by org.testng.reporters.JUnitReportReporter -->
<testsuite hostname="LAPTOP-JU22R066" failures="0" tests="1" name="testNGScripts.ImmersiveTraining_Synchr" time="6.011" errors="0" timestamp="2022-01-25T16:37:58 IST" skipped="0">
  <testcase classname="testNGScripts.ImmersiveTraining_Synchr" name="JavaSearchTestSuccess" time="6.011"/>
  <system-out/>
</testsuite> <!-- testNGScripts.ImmersiveTraining_Synchr -->
