<?xml version="1.0" encoding="UTF-8"?>
<!-- Generated by org.testng.reporters.JUnitReportReporter -->
<testsuite hostname="LAPTOP-JU22R066" failures="0" tests="2" name="testNGScripts.ImmersiveTraining_RegiWithDataProv" time="34.473" errors="0" timestamp="2022-01-27T05:58:38 IST" skipped="0">
  <testcase classname="testNGScripts.ImmersiveTraining_RegiWithDataProv" name="Registration" time="16.170"/>
  <system-out/>
  <testcase classname="testNGScripts.ImmersiveTraining_RegiWithDataProv" name="Registration" time="18.303"/>
  <system-out/>
</testsuite> <!-- testNGScripts.ImmersiveTraining_RegiWithDataProv -->
